This is ApacheBench, Version 2.3 <$Revision: 655654 $>
Copyright 1996 Adam Twiss, Zeus Technology Ltd, http://www.zeustech.net/
Licensed to The Apache Software Foundation, http://www.apache.org/

Benchmarking 50.17.80.139 (be patient)


Server Software:        
Server Hostname:        50.17.80.139
Server Port:            49154

Document Path:          /
Document Length:        1042 bytes

Concurrency Level:      100
Time taken for tests:   0.955 seconds
Complete requests:      1000
Failed requests:        999
   (Connect: 0, Receive: 0, Length: 999, Exceptions: 0)
Write errors:           0
Keep-Alive requests:    0
Total transferred:      1175844 bytes
HTML transferred:       1074844 bytes
Requests per second:    1047.28 [#/sec] (mean)
Time per request:       95.486 [ms] (mean)
Time per request:       0.955 [ms] (mean, across all concurrent requests)
Transfer rate:          1202.57 [Kbytes/sec] received

Connection Times (ms)
              min  mean[+/-sd] median   max
Connect:        1    2   1.2      1       7
Processing:    39   91  15.1     86     138
Waiting:       39   91  15.0     86     137
Total:         40   93  15.3     87     141

Percentage of the requests served within a certain time (ms)
  50%     87
  66%     92
  75%     96
  80%     97
  90%    122
  95%    128
  98%    132
  99%    133
 100%    141 (longest request)
