This is ApacheBench, Version 2.3 <$Revision: 655654 $>
Copyright 1996 Adam Twiss, Zeus Technology Ltd, http://www.zeustech.net/
Licensed to The Apache Software Foundation, http://www.apache.org/

Benchmarking 107.20.87.134 (be patient)


Server Software:        
Server Hostname:        107.20.87.134
Server Port:            49154

Document Path:          /
Document Length:        1043 bytes

Concurrency Level:      100
Time taken for tests:   0.679 seconds
Complete requests:      1000
Failed requests:        999
   (Connect: 0, Receive: 0, Length: 999, Exceptions: 0)
Write errors:           0
Keep-Alive requests:    0
Total transferred:      1176825 bytes
HTML transferred:       1075825 bytes
Requests per second:    1472.68 [#/sec] (mean)
Time per request:       67.903 [ms] (mean)
Time per request:       0.679 [ms] (mean, across all concurrent requests)
Transfer rate:          1692.47 [Kbytes/sec] received

Connection Times (ms)
              min  mean[+/-sd] median   max
Connect:        1    1   1.0      1       6
Processing:    47   65  11.6     63      98
Waiting:       47   65  11.6     62      98
Total:         48   66  11.8     64     101

Percentage of the requests served within a certain time (ms)
  50%     64
  66%     65
  75%     71
  80%     72
  90%     90
  95%     93
  98%     94
  99%     95
 100%    101 (longest request)
