This is ApacheBench, Version 2.3 <$Revision: 655654 $>
Copyright 1996 Adam Twiss, Zeus Technology Ltd, http://www.zeustech.net/
Licensed to The Apache Software Foundation, http://www.apache.org/

Benchmarking 54.234.78.235 (be patient)


Server Software:        
Server Hostname:        54.234.78.235
Server Port:            49154

Document Path:          /
Document Length:        1043 bytes

Concurrency Level:      100
Time taken for tests:   0.522 seconds
Complete requests:      1000
Failed requests:        999
   (Connect: 0, Receive: 0, Length: 999, Exceptions: 0)
Write errors:           0
Keep-Alive requests:    0
Total transferred:      1177962 bytes
HTML transferred:       1076962 bytes
Requests per second:    1915.45 [#/sec] (mean)
Time per request:       52.207 [ms] (mean)
Time per request:       0.522 [ms] (mean, across all concurrent requests)
Transfer rate:          2203.44 [Kbytes/sec] received

Connection Times (ms)
              min  mean[+/-sd] median   max
Connect:        1    3   2.2      3      11
Processing:    29   47  11.8     45      82
Waiting:       28   46  11.8     44      81
Total:         32   50  11.6     49      83

Percentage of the requests served within a certain time (ms)
  50%     49
  66%     50
  75%     51
  80%     52
  90%     71
  95%     81
  98%     82
  99%     82
 100%     83 (longest request)
