This is ApacheBench, Version 2.3 <$Revision: 655654 $>
Copyright 1996 Adam Twiss, Zeus Technology Ltd, http://www.zeustech.net/
Licensed to The Apache Software Foundation, http://www.apache.org/

Benchmarking 50.19.3.148 (be patient)


Server Software:        
Server Hostname:        50.19.3.148
Server Port:            49154

Document Path:          /
Document Length:        1041 bytes

Concurrency Level:      100
Time taken for tests:   0.815 seconds
Complete requests:      1000
Failed requests:        999
   (Connect: 0, Receive: 0, Length: 999, Exceptions: 0)
Write errors:           0
Keep-Alive requests:    0
Total transferred:      1174827 bytes
HTML transferred:       1073827 bytes
Requests per second:    1226.29 [#/sec] (mean)
Time per request:       81.547 [ms] (mean)
Time per request:       0.815 [ms] (mean, across all concurrent requests)
Transfer rate:          1406.91 [Kbytes/sec] received

Connection Times (ms)
              min  mean[+/-sd] median   max
Connect:        1    2   1.3      1       7
Processing:    54   78  12.1     75     113
Waiting:       52   78  12.1     75     112
Total:         57   80  12.2     76     116

Percentage of the requests served within a certain time (ms)
  50%     76
  66%     82
  75%     84
  80%     84
  90%    103
  95%    108
  98%    109
  99%    110
 100%    116 (longest request)
