This is ApacheBench, Version 2.3 <$Revision: 655654 $>
Copyright 1996 Adam Twiss, Zeus Technology Ltd, http://www.zeustech.net/
Licensed to The Apache Software Foundation, http://www.apache.org/

Benchmarking 50.17.9.104 (be patient)


Server Software:        
Server Hostname:        50.17.9.104
Server Port:            49154

Document Path:          /
Document Length:        1041 bytes

Concurrency Level:      100
Time taken for tests:   0.559 seconds
Complete requests:      1000
Failed requests:        999
   (Connect: 0, Receive: 0, Length: 999, Exceptions: 0)
Write errors:           0
Keep-Alive requests:    0
Total transferred:      1174822 bytes
HTML transferred:       1073822 bytes
Requests per second:    1790.27 [#/sec] (mean)
Time per request:       55.857 [ms] (mean)
Time per request:       0.559 [ms] (mean, across all concurrent requests)
Transfer rate:          2053.96 [Kbytes/sec] received

Connection Times (ms)
              min  mean[+/-sd] median   max
Connect:        0    1   0.6      1       4
Processing:    39   54   9.4     51      81
Waiting:       39   53   9.4     51      81
Total:         40   55   9.5     52      83

Percentage of the requests served within a certain time (ms)
  50%     52
  66%     53
  75%     58
  80%     59
  90%     74
  95%     77
  98%     78
  99%     79
 100%     83 (longest request)
